<?xml version="1.0" encoding="UTF-8"?>
<!-- Generated by org.testng.reporters.JUnitReportReporter -->
<testsuite hostname="L-156232244" failures="0" tests="1" name="com.CheckBoxRadioButton.TestCheckBoxButtonRadio" time="7.707" errors="0" timestamp="2023-05-22T10:34:30 IST" skipped="0">
  <testcase classname="com.CheckBoxRadioButton.TestCheckBoxButtonRadio" name="Checkboxscenario" time="7.707"/>
  <system-out/>
</testsuite> <!-- com.CheckBoxRadioButton.TestCheckBoxButtonRadio -->
